[22:19]Starting initializing of 'Game'
[22:19]'Game' have successfully initialized.
[22:19]Destroying a render ...
[22:19]Destroying a window ...
[22:20]Starting initializing of 'Game'
[22:20]'Game' have successfully initialized.
[22:20]
[22:20]
[22:20]
[22:20]
[22:20]
[22:20]
[22:20]
[22:20]
[22:20]
[22:20]Destroying a render ...
[22:20]Destroying a window ...
[22:25]Starting initializing of 'Game'
[22:25]'Game' have successfully initialized.
[22:25]Clicked
[22:25]Clicked
[22:25]Clicked
[22:25]Clicked
[22:25]Clicked
[22:25]Clicked
[22:26]Destroying a render ...
[22:26]Destroying a window ...
[22:26]Starting initializing of 'Game'
[22:26]'Game' have successfully initialized.
[22:26]Clicked
[22:26]Clicked
[22:26]Destroying a render ...
[22:26]Destroying a window ...
[22:26]Starting initializing of 'Game'
[22:26]'Game' have successfully initialized.
[22:26]Clicked
[22:26]Clicked
[22:26]Clicked
[22:26]Clicked
[22:26]Clicked
[22:26]Clicked
[22:26]Clicked
[22:26]Clicked
[22:26]Clicked
[22:26]Clicked
[22:26]Clicked
[22:26]Clicked
[22:26]Clicked
[22:26]Clicked
[22:26]Clicked
[22:26]Clicked
[22:26]Clicked
[22:26]Clicked
[22:26]Clicked
[22:26]Clicked
[22:26]Clicked
[22:26]Clicked
[22:26]Clicked
[22:26]Clicked
[22:26]Destroying a render ...
[22:26]Destroying a window ...
[22:33]Starting initializing of 'Game'
[22:33]'Game' have successfully initialized.
[22:33]Clicked
[22:33]Clicked
[22:33]Clicked
[22:33]Clicked
[22:33]Destroying a render ...
[22:33]Destroying a window ...
[22:33]Starting initializing of 'Game'
[22:33]'Game' have successfully initialized.
[22:33]Clicked
[22:33]Clicked
[22:33]Clicked
[22:33]Clicked
[22:33]Clicked
[22:33]Clicked
[22:33]Clicked
[22:33]Clicked
[22:33]Destroying a render ...
[22:33]Destroying a window ...
